<?xml version="1.0" encoding="UTF-8"?>
<!-- Generated by org.testng.reporters.JUnitXMLReporter -->
<testsuite ignored="0" hostname="LAPTOP-67JBRTJA" failures="0" tests="4" name="Default test" time="0.065" errors="0" timestamp="2025-04-16T18:58:09 IST">
  <testcase classname="com.OrangeHrm_Bo1_loginPage.BuildBO1_Test" name="signUp_Test" time="0.009"/>
  <testcase classname="com.OrangeHrm_Bo1_loginPage.BuildBO1_Test" name="login_Test" time="0.001"/>
  <testcase classname="com.OrangeHrm_Bo1_loginPage.BuildBO1_Test" name="homePage_Test" time="0.001"/>
  <testcase classname="com.OrangeHrm_Bo1_loginPage.BuildBO1_Test" name="logout_Test" time="0.002"/>
</testsuite> <!-- Default test -->
