<?xml version="1.0" encoding="UTF-8"?>
<!-- Generated by org.testng.reporters.JUnitXMLReporter -->
<testsuite ignored="1" hostname="LAPTOP-67JBRTJA" failures="0" tests="4" name="Test" time="0.067" errors="0" timestamp="2025-04-16T19:24:04 IST">
  <testcase classname="com.OrangeHrm_Bo1_loginPage.BuildBO1_Test" name="signUp_Test" time="0.012"/>
  <testcase classname="com.OrangeHrm_Bo1_loginPage.BuildBO1_Test" name="login_Test" time="0.001"/>
  <testcase classname="com.OrangeHrm_Bo1_loginPage.BuildBO1_Test" name="homePage_Test" time="0.002"/>
  <testcase classname="com.OrangeHrm_Bo1_loginPage.BuildBO1_Test" name="logout_Test" time="0.002"/>
  <testcase classname="buildBo2.Annotation_Test" name="demoAnnotations" time="0.0">
    <ignored/>
  </testcase> <!-- demoAnnotations -->
</testsuite> <!-- Test -->
