<?xml version="1.0" encoding="UTF-8"?>
<testng-results ignored="0" total="3" passed="3" failed="0" skipped="0">
  <reporter-output>
  </reporter-output>
  <suite started-at="2025-04-21T15:28:56 IST" name="Suite" finished-at="2025-04-21T15:29:14 IST" duration-ms="18165">
    <groups>
    </groups>
    <test started-at="2025-04-21T15:28:56 IST" name="chrome" finished-at="2025-04-21T15:29:10 IST" duration-ms="14265">
      <class name="com.OrangeHrm_Bo1_loginPage.BuildBO1_Test">
        <test-method is-config="true" signature="open_Browser(java.lang.String)[pri:0, instance:com.OrangeHrm_Bo1_loginPage.BuildBO1_Test@4d5650ae]" started-at="2025-04-21T15:28:56 IST" name="open_Browser" finished-at="2025-04-21T15:29:01 IST" duration-ms="4523" status="PASS">
          <params>
            <param index="0">
              <value>
                <![CDATA[Chrome]]>
              </value>
            </param>
          </params>
          <reporter-output>
          </reporter-output>
        </test-method> <!-- open_Browser -->
        <test-method is-config="true" signature="Login_url()[pri:0, instance:com.OrangeHrm_Bo1_loginPage.BuildBO1_Test@4d5650ae]" started-at="2025-04-21T15:29:01 IST" name="Login_url" finished-at="2025-04-21T15:29:06 IST" duration-ms="5312" status="PASS">
          <reporter-output>
          </reporter-output>
        </test-method> <!-- Login_url -->
        <test-method signature="endToend_1_Test()[pri:0, instance:com.OrangeHrm_Bo1_loginPage.BuildBO1_Test@4d5650ae]" started-at="2025-04-21T15:29:06 IST" name="endToend_1_Test" finished-at="2025-04-21T15:29:08 IST" duration-ms="2613" status="PASS">
          <reporter-output>
          </reporter-output>
        </test-method> <!-- endToend_1_Test -->
        <test-method is-config="true" signature="login_url()[pri:0, instance:com.OrangeHrm_Bo1_loginPage.BuildBO1_Test@4d5650ae]" started-at="2025-04-21T15:29:08 IST" name="login_url" finished-at="2025-04-21T15:29:10 IST" duration-ms="1522" status="PASS">
          <reporter-output>
          </reporter-output>
        </test-method> <!-- login_url -->
        <test-method is-config="true" signature="colse_Browser()[pri:0, instance:com.OrangeHrm_Bo1_loginPage.BuildBO1_Test@4d5650ae]" started-at="2025-04-21T15:29:10 IST" name="colse_Browser" finished-at="2025-04-21T15:29:10 IST" duration-ms="266" status="PASS">
          <reporter-output>
          </reporter-output>
        </test-method> <!-- colse_Browser -->
      </class> <!-- com.OrangeHrm_Bo1_loginPage.BuildBO1_Test -->
    </test> <!-- chrome -->
    <test started-at="2025-04-21T15:28:56 IST" name="edge" finished-at="2025-04-21T15:29:13 IST" duration-ms="16724">
      <class name="com.OrangeHrm_Bo1_loginPage.BuildBO1_Test">
        <test-method is-config="true" signature="open_Browser(java.lang.String)[pri:0, instance:com.OrangeHrm_Bo1_loginPage.BuildBO1_Test@1530c739]" started-at="2025-04-21T15:28:56 IST" name="open_Browser" finished-at="2025-04-21T15:29:02 IST" duration-ms="6031" status="PASS">
          <params>
            <param index="0">
              <value>
                <![CDATA[edge]]>
              </value>
            </param>
          </params>
          <reporter-output>
          </reporter-output>
        </test-method> <!-- open_Browser -->
        <test-method is-config="true" signature="Login_url()[pri:0, instance:com.OrangeHrm_Bo1_loginPage.BuildBO1_Test@1530c739]" started-at="2025-04-21T15:29:02 IST" name="Login_url" finished-at="2025-04-21T15:29:07 IST" duration-ms="5330" status="PASS">
          <reporter-output>
          </reporter-output>
        </test-method> <!-- Login_url -->
        <test-method signature="endToend_1_Test()[pri:0, instance:com.OrangeHrm_Bo1_loginPage.BuildBO1_Test@1530c739]" started-at="2025-04-21T15:29:07 IST" name="endToend_1_Test" finished-at="2025-04-21T15:29:10 IST" duration-ms="2742" status="PASS">
          <reporter-output>
          </reporter-output>
        </test-method> <!-- endToend_1_Test -->
        <test-method is-config="true" signature="login_url()[pri:0, instance:com.OrangeHrm_Bo1_loginPage.BuildBO1_Test@1530c739]" started-at="2025-04-21T15:29:10 IST" name="login_url" finished-at="2025-04-21T15:29:11 IST" duration-ms="1265" status="PASS">
          <reporter-output>
          </reporter-output>
        </test-method> <!-- login_url -->
        <test-method is-config="true" signature="colse_Browser()[pri:0, instance:com.OrangeHrm_Bo1_loginPage.BuildBO1_Test@1530c739]" started-at="2025-04-21T15:29:11 IST" name="colse_Browser" finished-at="2025-04-21T15:29:13 IST" duration-ms="1339" status="PASS">
          <reporter-output>
          </reporter-output>
        </test-method> <!-- colse_Browser -->
      </class> <!-- com.OrangeHrm_Bo1_loginPage.BuildBO1_Test -->
    </test> <!-- edge -->
    <test started-at="2025-04-21T15:28:56 IST" name="firefox" finished-at="2025-04-21T15:29:14 IST" duration-ms="18165">
      <class name="com.OrangeHrm_Bo1_loginPage.BuildBO1_Test">
        <test-method is-config="true" signature="open_Browser(java.lang.String)[pri:0, instance:com.OrangeHrm_Bo1_loginPage.BuildBO1_Test@6e6f2380]" started-at="2025-04-21T15:28:56 IST" name="open_Browser" finished-at="2025-04-21T15:29:03 IST" duration-ms="6614" status="PASS">
          <params>
            <param index="0">
              <value>
                <![CDATA[firefox]]>
              </value>
            </param>
          </params>
          <reporter-output>
          </reporter-output>
        </test-method> <!-- open_Browser -->
        <test-method is-config="true" signature="Login_url()[pri:0, instance:com.OrangeHrm_Bo1_loginPage.BuildBO1_Test@6e6f2380]" started-at="2025-04-21T15:29:03 IST" name="Login_url" finished-at="2025-04-21T15:29:08 IST" duration-ms="5411" status="PASS">
          <reporter-output>
          </reporter-output>
        </test-method> <!-- Login_url -->
        <test-method signature="endToend_1_Test()[pri:0, instance:com.OrangeHrm_Bo1_loginPage.BuildBO1_Test@6e6f2380]" started-at="2025-04-21T15:29:08 IST" name="endToend_1_Test" finished-at="2025-04-21T15:29:12 IST" duration-ms="3616" status="PASS">
          <reporter-output>
          </reporter-output>
        </test-method> <!-- endToend_1_Test -->
        <test-method is-config="true" signature="login_url()[pri:0, instance:com.OrangeHrm_Bo1_loginPage.BuildBO1_Test@6e6f2380]" started-at="2025-04-21T15:29:12 IST" name="login_url" finished-at="2025-04-21T15:29:13 IST" duration-ms="1813" status="PASS">
          <reporter-output>
          </reporter-output>
        </test-method> <!-- login_url -->
        <test-method is-config="true" signature="colse_Browser()[pri:0, instance:com.OrangeHrm_Bo1_loginPage.BuildBO1_Test@6e6f2380]" started-at="2025-04-21T15:29:13 IST" name="colse_Browser" finished-at="2025-04-21T15:29:14 IST" duration-ms="694" status="PASS">
          <reporter-output>
          </reporter-output>
        </test-method> <!-- colse_Browser -->
      </class> <!-- com.OrangeHrm_Bo1_loginPage.BuildBO1_Test -->
    </test> <!-- firefox -->
  </suite> <!-- Suite -->
</testng-results>
